This is pdfTeX, Version 3.141592653-2.6-1.40.25 (TeX Live 2023) (preloaded format=pdflatex 2026.2.28)  28 FEB 2026 12:15
entering extended mode
 restricted \write18 enabled.
 file:line:error style messages enabled.
 %&-line parsing enabled.
**/home/istathop/Desktop/ptyxiaki/thesis.tex
(/home/istathop/Desktop/ptyxiaki/thesis.tex
LaTeX2e <2022-11-01> patch level 1
L3 programming layer <2023-02-22>

! LaTeX Error: File `MastersDoctoralThesis.cls' not found.

Type X to quit or <RETURN> to proceed,
or enter new name. (Default extension: cls)

Enter file name: 
/home/istathop/Desktop/ptyxiaki/thesis.tex:39: Emergency stop.
<read *> 
         
l.39 \usepackage
                [utf8]{inputenc} % Required for inputting international char...
*** (cannot \read from terminal in nonstop modes)

 
Here is how much of TeX's memory you used:
 24 strings out of 476041
 630 string characters out of 5793174
 1849388 words of memory out of 6000000
 20575 multiletter control sequences out of 15000+600000
 512287 words of font info for 32 fonts, out of 8000000 for 9000
 1137 hyphenation exceptions out of 8191
 19i,0n,29p,180b,17s stack positions out of 10000i,1000n,20000p,200000b,200000s
/home/istathop/Desktop/ptyxiaki/thesis.tex:39:  ==> Fatal error occurred, no output PDF file produced!
