\BOOKMARK [0][-]{section*.1}{\376\377\003\224\003\256\003\273\003\311\003\303\003\267\000\040\003\240\003\275\003\265\003\305\003\274\003\261\003\304\003\271\003\272\003\256\003\302\000\040\003\231\003\264\003\271\003\277\003\272\003\304\003\267\003\303\003\257\003\261\003\302}{}% 1
\BOOKMARK [0][-]{section*.2}{\376\377\003\240\003\265\003\301\003\257\003\273\003\267\003\310\003\267}{}% 2
\BOOKMARK [0][-]{section*.3}{\376\377\003\225\003\305\003\307\003\261\003\301\003\271\003\303\003\304\003\257\003\265\003\302}{}% 3
\BOOKMARK [0][-]{chapter.8}{\376\377\003\225\003\271\003\303\003\261\003\263\003\311\003\263\003\256}{}% 4
\BOOKMARK [1][-]{section.9}{\376\377\003\244\003\277\000\040\003\240\003\301\003\314\003\262\003\273\003\267\003\274\003\261}{chapter.8}% 5
\BOOKMARK [1][-]{section.10}{\376\377\003\240\003\301\003\277\003\304\003\265\003\271\003\275\003\314\003\274\003\265\003\275\003\265\003\302\000\040\003\233\003\315\003\303\003\265\003\271\003\302}{chapter.8}% 6
\BOOKMARK [2][-]{subsection.11}{\376\377\000T\000S\000B\000-\000U\000A\000D\000\040\003\243\003\315\003\303\003\304\003\267\003\274\003\261\000\040\003\303\003\267\003\274\003\265\003\257\003\277\003\305\000\040\003\261\003\275\003\261\003\306\003\277\003\301\003\254\003\302\000\040\000\050\000b\000e\000n\000c\000h\000m\000a\000r\000k\000\051\000\040\003\263\003\271\003\261\000\040\003\304\003\267\003\275\000\040\003\261\003\275\003\257\003\307\003\275\003\265\003\305\003\303\003\267\000\040\003\261\003\275\003\311\003\274\003\261\003\273\003\271\003\316\003\275\000\040\003\303\003\265\000\040\003\307\003\301\003\277\003\275\003\277\003\303\003\265\003\271\003\301\003\255\003\302}{section.10}% 7
\BOOKMARK [2][-]{subsection.12}{\376\377\000A\000u\000t\000o\000T\000S\000A\000D\000:\000\040\003\210\003\275\003\261\000\040\003\261\003\305\003\304\003\277\003\274\003\261\003\304\003\277\003\300\003\277\003\271\003\267\003\274\003\255\003\275\003\277\000\040\003\303\003\315\003\303\003\304\003\267\003\274\003\261\000\040\003\263\003\271\003\261\000\040\003\304\003\267\003\275\000\040\003\261\003\275\003\257\003\307\003\275\003\265\003\305\003\303\003\267\000\040\003\261\003\275\003\311\003\274\003\261\003\273\003\271\003\316\003\275\000\040\003\303\003\265\000\040\003\307\003\301\003\277\003\275\003\277\003\303\003\265\003\271\003\301\003\255\003\302}{section.10}% 8
\BOOKMARK [1][-]{section.13}{\376\377\003\243\003\272\003\277\003\300\003\314\003\302\000\040\003\240\003\304\003\305\003\307\003\271\003\261\003\272\003\256\003\302}{chapter.8}% 9
\BOOKMARK [0][-]{chapter.14}{\376\377\003\230\003\265\003\311\003\301\003\267\003\304\003\271\003\272\003\314\000\040\003\245\003\300\003\314\003\262\003\261\003\270\003\301\003\277}{}% 10
\BOOKMARK [1][-]{section.15}{\376\377\003\247\003\301\003\277\003\275\003\277\003\303\003\265\003\271\003\301\003\255\003\302}{chapter.14}% 11
\BOOKMARK [1][-]{section.16}{\376\377\003\221\003\275\003\311\003\274\003\261\003\273\003\257\003\265\003\302}{chapter.14}% 12
\BOOKMARK [1][-]{section.30}{\376\377\003\234\003\265\003\274\003\277\003\275\003\311\003\274\003\255\003\275\003\277\003\271\000\040\003\221\003\273\003\263\003\314\003\301\003\271\003\270\003\274\003\277\003\271\000\040\003\243\003\315\003\263\003\272\003\301\003\271\003\303\003\267\003\302}{chapter.14}% 13
\BOOKMARK [2][-]{subsection.31}{\376\377\000I\000s\000o\000l\000a\000t\000i\000o\000n\000\040\000F\000o\000r\000e\000s\000t}{section.30}% 14
\BOOKMARK [2][-]{subsection.33}{\376\377\000N\000o\000r\000m\000A}{section.30}% 15
\BOOKMARK [2][-]{subsection.34}{\376\377\000M\000a\000t\000r\000i\000x\000\040\000P\000r\000o\000f\000i\000l\000e\000\040\000-\000\040\000M\000P}{section.30}% 16
\BOOKMARK [2][-]{subsection.38}{\376\377\000P\000O\000L\000Y}{section.30}% 17
\BOOKMARK [0][-]{chapter.39}{\376\377\003\240\003\265\003\271\003\301\003\261\003\274\003\261\003\304\003\271\003\272\003\256\000\040\003\224\003\271\003\254\003\304\003\261\003\276\003\267\000\040\003\272\003\261\003\271\000\040\003\243\003\305\003\263\003\272\003\301\003\271\003\304\003\271\003\272\003\256\000\040\003\261\003\276\003\271\003\277\003\273\003\314\003\263\003\267\003\303\003\267}{}% 18
\BOOKMARK [1][-]{section.40}{\376\377\003\223\003\265\003\275\003\271\003\272\003\254}{chapter.39}% 19
\BOOKMARK [2][-]{subsection.42}{\376\377\003\234\003\265\003\304\003\301\003\271\003\272\003\255\003\302\000\040\003\221\003\276\003\271\003\277\003\273\003\314\003\263\003\267\003\303\003\267\003\302}{section.40}% 20
\BOOKMARK [2][-]{subsection.43}{\376\377\003\223\003\265\003\275\003\271\003\272\003\255\003\302\000\040\003\240\003\261\003\301\003\261\003\304\003\267\003\301\003\256\003\303\003\265\003\271\003\302}{section.40}% 21
\BOOKMARK [2][-]{subsection.45}{\376\377\000T\000O\000D\000O}{section.40}% 22
\BOOKMARK [1][-]{section.46}{\376\377\000P\000u\000b\000l\000i\000c\000\040\000D\000a\000t\000a\000s\000e\000t}{chapter.39}% 23
\BOOKMARK [2][-]{subsection.47}{\376\377\003\244\003\261\000\040\000d\000a\000t\000a\000s\000e\000t}{section.46}% 24
\BOOKMARK [2][-]{subsection.48}{\376\377\003\247\003\301\003\314\003\275\003\277\003\271\000\040\003\265\003\272\003\304\003\255\003\273\003\265\003\303\003\267\003\302}{section.46}% 25
\BOOKMARK [2][-]{subsection.57}{\376\377\003\221\003\300\003\277\003\304\003\265\003\273\003\255\003\303\003\274\003\261\003\304\003\261\000\040\000R\000O\000C\000-\000V\000U\000S}{section.46}% 26
\BOOKMARK [3][-]{section*.61}{\376\377\003\243\003\305\003\263\003\272\003\301\003\271\003\304\003\271\003\272\003\254\000\040\003\261\003\300\003\277\003\304\003\265\003\273\003\255\003\303\003\274\003\261\003\304\003\261\000\040\003\274\003\265\000\040\000O\000p\000t\000u\000n\000a\000-\000O\000N}{subsection.57}% 27
\BOOKMARK [3][-]{section*.67}{\376\377\003\243\003\305\003\263\003\272\003\301\003\271\003\304\003\271\003\272\003\254\000\040\003\261\003\300\003\277\003\304\003\265\003\273\003\255\003\303\003\274\003\261\003\304\003\261\000\040\003\274\003\265\000\040\000O\000p\000t\000u\000n\000a\000-\000O\000F\000F}{subsection.57}% 28
\BOOKMARK [1][-]{section.70}{\376\377\000A\000r\000t\000i\000f\000i\000c\000i\000a\000l\000\040\000D\000a\000t\000a\000s\000e\000t}{chapter.39}% 29
\BOOKMARK [1][-]{section.71}{\376\377\003\232\003\225\003\241\003\224\003\237\003\243\000\040\003\221\003\235\003\221\000\040\003\247\003\241\003\237\003\235\003\237}{chapter.39}% 30
\BOOKMARK [0][-]{appendix.72}{\376\377\000F\000r\000e\000q\000u\000e\000n\000t\000l\000y\000\040\000A\000s\000k\000e\000d\000\040\000Q\000u\000e\000s\000t\000i\000o\000n\000s}{}% 31
\BOOKMARK [1][-]{section.73}{\376\377\000H\000o\000w\000\040\000d\000o\000\040\000I\000\040\000c\000h\000a\000n\000g\000e\000\040\000t\000h\000e\000\040\000c\000o\000l\000o\000r\000s\000\040\000o\000f\000\040\000l\000i\000n\000k\000s\000?}{appendix.72}% 32
\BOOKMARK [0][-]{appendix*.74}{\376\377\003\222\003\271\003\262\003\273\003\271\003\277\003\263\003\301\003\261\003\306\003\257\003\261}{}% 33
